<?xml version="1.0" encoding="UTF-8"?>
<!-- Generated by org.testng.reporters.JUnitReportReporter -->
<testsuite skipped="0" hostname="DESKTOP-3JGL9VF" name="project_TestCases.MobilPage_Testcase2" tests="1" failures="0" timestamp="2020-07-22T16:53:30 IST" time="26.407" errors="0">
  <testcase name="BTestcase2" time="26.407" classname="project_TestCases.MobilPage_Testcase2"/>
  <system-out/>
</testsuite> <!-- project_TestCases.MobilPage_Testcase2 -->
