<?xml version="1.0" encoding="UTF-8"?>
<!-- Generated by org.testng.reporters.JUnitReportReporter -->
<testsuite skipped="0" hostname="DESKTOP-3JGL9VF" name="common_Functions.MyCommonFunctions" tests="1" failures="0" timestamp="2020-07-16T18:23:41 IST" time="13.840" errors="0">
  <testcase name="GeneralActions" time="13.840" classname="common_Functions.MyCommonFunctions"/>
  <system-out/>
</testsuite> <!-- common_Functions.MyCommonFunctions -->
