<?xml version="1.0" encoding="UTF-8"?>
<!-- Generated by org.testng.reporters.JUnitReportReporter -->
<testsuite skipped="0" hostname="DESKTOP-3JGL9VF" name="project_TestCases.Mainpage_Testcase1" tests="1" failures="0" timestamp="2020-07-22T16:53:30 IST" time="13.583" errors="0">
  <testcase name="Atestcase1" time="13.583" classname="project_TestCases.Mainpage_Testcase1"/>
  <system-out/>
</testsuite> <!-- project_TestCases.Mainpage_Testcase1 -->
