<?xml version="1.0" encoding="UTF-8"?>
<!-- Generated by org.testng.reporters.JUnitReportReporter -->
<testsuite skipped="0" hostname="DESKTOP-3JGL9VF" name="project_TestCases.TvPage_TestCase3" tests="1" failures="0" timestamp="2020-07-22T16:53:30 IST" time="11.388" errors="0">
  <testcase name="CTestCase3" time="11.388" classname="project_TestCases.TvPage_TestCase3"/>
  <system-out/>
</testsuite> <!-- project_TestCases.TvPage_TestCase3 -->
